{"timestamp": "2026-01-09T20:51:59.334893", "timeout": 5, "memory_limit_mb": 256, "success": false, "exit_code": 1, "execution_time": 0.4641380310058594, "error_message": "Process exited with code 1", "stdout": "", "stderr": "  File \"/sandbox/script.py\", line 1\n    mkdir -p mutt/models config\n             ^^^^\nSyntaxError: invalid syntax\n", "code_snippet": "mkdir -p mutt/models config"}
{"timestamp": "2026-01-09T20:52:00.958301", "timeout": 5, "memory_limit_mb": 256, "success": true, "exit_code": 0, "execution_time": 0.24372339248657227, "error_message": null, "stdout": "Directories created.\n", "stderr": "", "code_snippet": "import os\nos.makedirs(\"mutt/models\", exist_ok=True)\nos.makedirs(\"config\", exist_ok=True)\nprint(\"Directories created.\")"}
{"timestamp": "2026-01-09T20:52:05.379961", "timeout": 5, "memory_limit_mb": 256, "success": true, "exit_code": 0, "execution_time": 0.36542439460754395, "error_message": null, "stdout": "\nTraceback (most recent call last):\n  File \"/app/verify_phase1.py\", line 3, in <module>\n    from mutt.models.message import Message, SyslogMessage, MessageType, Severity\nModuleNotFoundError: No module named 'mutt.models.message'\n\n", "stderr": "", "code_snippet": "import subprocess\nresult = subprocess.run([\"python3\", \"verify_phase1.py\"], capture_output=True, text=True)\nprint(result.stdout)\nprint(result.stderr)\n"}
{"timestamp": "2026-01-09T20:52:32.688417", "timeout": 5, "memory_limit_mb": 256, "success": true, "exit_code": 0, "execution_time": 0.2318732738494873, "error_message": null, "stdout": "Init files created.\n", "stderr": "", "code_snippet": "open(\"mutt/__init__.py\", \"w\").close()\nopen(\"mutt/models/__init__.py\", \"w\").close()\nprint(\"Init files created.\")"}
{"timestamp": "2026-01-09T20:53:13.866613", "timeout": 5, "memory_limit_mb": 256, "success": true, "exit_code": 0, "execution_time": 0.44937586784362793, "error_message": null, "stdout": "\nTraceback (most recent call last):\n  File \"/app/verify_phase1.py\", line 3, in <module>\n    from mutt.models.message import Message, SyslogMessage, MessageType, Severity\n  File \"/app/mutt/models/message.py\", line 31, in <module>\n    @dataclass(frozen=True)\n     ^^^^^^^^^^^^^^^^^^^^^^\n  File \"/usr/local/lib/python3.12/dataclasses.py\", line 1265, in wrap\n    return _process_class(cls, init, repr, eq, order, unsafe_hash,\n           ^^^^^^^^^^^^^^^^^^^^^^^^^^^^^^^^^^^^^^^^^^^^^^^^^^^^^^^\n  File \"/usr/local/lib/python3.12/dataclasses.py\", line 1063, in _process_class\n    _init_fn(all_init_fields,\n  File \"/usr/local/lib/python3.12/dataclasses.py\", line 585, in _init_fn\n    raise TypeError(f'non-default argument {f.name!r} '\nTypeError: non-default argument 'source_ip' follows default argument\n\n", "stderr": "", "code_snippet": "import subprocess\nresult = subprocess.run([\"python3\", \"verify_phase1.py\"], capture_output=True, text=True)\nprint(result.stdout)\nprint(result.stderr)\n"}
{"timestamp": "2026-01-09T20:53:25.279636", "timeout": 5, "memory_limit_mb": 256, "success": true, "exit_code": 0, "execution_time": 0.3929269313812256, "error_message": null, "stdout": "\nTraceback (most recent call last):\n  File \"/app/verify_phase1.py\", line 5, in <module>\n    from mutt.config import load_config\n  File \"/app/mutt/config.py\", line 1, in <module>\n    import yaml\nModuleNotFoundError: No module named 'yaml'\n\n", "stderr": "", "code_snippet": "import subprocess\nresult = subprocess.run([\"python3\", \"verify_phase1.py\"], capture_output=True, text=True)\nprint(result.stdout)\nprint(result.stderr)\n"}
{"timestamp": "2026-01-09T20:53:31.979426", "timeout": 5, "memory_limit_mb": 256, "success": false, "exit_code": -1, "execution_time": 5.043558597564697, "error_message": "Exceeded 5s", "stdout": "", "stderr": "Timeout expired.", "code_snippet": "import subprocess\nsubprocess.run([\"pip\", \"install\", \"pyyaml\"], capture_output=True, text=True)\nresult = subprocess.run([\"python3\", \"verify_phase1.py\"], capture_output=True, text=True)\nprint(result.std..."}
{"timestamp": "2026-01-09T20:53:34.320813", "timeout": 5, "memory_limit_mb": 256, "success": false, "exit_code": 1, "execution_time": 0.21410799026489258, "error_message": "Process exited with code 1", "stdout": "", "stderr": "Traceback (most recent call last):\n  File \"/sandbox/script.py\", line 1, in <module>\n    import pkg_resources\nModuleNotFoundError: No module named 'pkg_resources'\n", "code_snippet": "import pkg_resources\ninstalled_packages = pkg_resources.working_set\ninstalled_packages_list = sorted([\"%s==%s\" % (i.key, i.version)\n     for i in installed_packages])\nprint(installed_packages_list)"}
{"timestamp": "2026-01-09T20:53:36.784982", "timeout": 5, "memory_limit_mb": 256, "success": true, "exit_code": 0, "execution_time": 1.1792676448822021, "error_message": null, "stdout": "Package Version\n------- -------\npip     25.0.1\n\n", "stderr": "", "code_snippet": "import subprocess\nresult = subprocess.run([\"pip\", \"list\"], capture_output=True, text=True)\nprint(result.stdout)"}
{"timestamp": "2026-01-09T20:53:44.023266", "timeout": 5, "memory_limit_mb": 256, "success": false, "exit_code": -1, "execution_time": 5.00784969329834, "error_message": "Exceeded 5s", "stdout": "", "stderr": "Timeout expired.", "code_snippet": "import subprocess\nimport sys\n\ndef run():\n    try:\n        subprocess.check_call([sys.executable, \"-m\", \"pip\", \"install\", \"pyyaml\"])\n        result = subprocess.run([sys.executable, \"verify_phase1.py\"]..."}
{"timestamp": "2026-01-09T20:56:16.431656", "timeout": 5, "memory_limit_mb": 256, "success": true, "exit_code": 0, "execution_time": 0.7375552654266357, "error_message": null, "stdout": "Running test_message.py...\n\n<string>:4: DeprecationWarning: datetime.datetime.utcnow() is deprecated and scheduled for removal in a future version. Use timezone-aware objects to represent datetimes in UTC: datetime.datetime.now(datetime.UTC).\n....\n----------------------------------------------------------------------\nRan 4 tests in 0.000s\n\nOK\n\nRunning test_rules.py...\n\n..\n----------------------------------------------------------------------\nRan 2 tests in 0.000s\n\nOK\n\nRunning test_config.py...\n\nTraceback (most recent call last):\n  File \"/app/test_config.py\", line 3, in <module>\n    import yaml\nModuleNotFoundError: No module named 'yaml'\n\n", "stderr": "", "code_snippet": "import subprocess\nimport sys\n\ndef run_test(filename):\n    print(f\"Running {filename}...\")\n    result = subprocess.run([sys.executable, filename], capture_output=True, text=True)\n    print(result.stdou..."}
{"timestamp": "2026-01-09T20:56:20.891431", "timeout": 5, "memory_limit_mb": 256, "success": true, "exit_code": 0, "execution_time": 0.4867584705352783, "error_message": null, "stdout": " Sandbox Executing: test_rules.py\n\n", "stderr": "..\n----------------------------------------------------------------------\nRan 2 tests in 0.000s\n\nOK\n\n", "code_snippet": "import subprocess, sys, os\nprint(' Sandbox Executing: test_rules.py')\n# Try executing directly first\ncmd = ['python3', 'test_rules.py']\nresult = subprocess.run(cmd, capture_output=True, text=True)\npri..."}
{"timestamp": "2026-01-09T20:56:21.432864", "timeout": 5, "memory_limit_mb": 256, "success": true, "exit_code": 0, "execution_time": 0.5407352447509766, "error_message": null, "stdout": " Sandbox Executing: test_message.py\n\n", "stderr": "<string>:4: DeprecationWarning: datetime.datetime.utcnow() is deprecated and scheduled for removal in a future version. Use timezone-aware objects to represent datetimes in UTC: datetime.datetime.now(datetime.UTC).\n....\n----------------------------------------------------------------------\nRan 4 tests in 0.000s\n\nOK\n\n", "code_snippet": "import subprocess, sys, os\nprint(' Sandbox Executing: test_message.py')\n# Try executing directly first\ncmd = ['python3', 'test_message.py']\nresult = subprocess.run(cmd, capture_output=True, text=True)..."}
{"timestamp": "2026-01-09T20:56:22.068884", "timeout": 5, "memory_limit_mb": 256, "success": false, "exit_code": 1, "execution_time": 0.6348884105682373, "error_message": "Process exited with code 1", "stdout": " Sandbox Executing: test_config.py\n\n", "stderr": "Traceback (most recent call last):\n  File \"/app/test_config.py\", line 3, in <module>\n    import yaml\nModuleNotFoundError: No module named 'yaml'\n\n", "code_snippet": "import subprocess, sys, os\nprint(' Sandbox Executing: test_config.py')\n# Try executing directly first\ncmd = ['python3', 'test_config.py']\nresult = subprocess.run(cmd, capture_output=True, text=True)\np..."}
{"timestamp": "2026-01-09T21:06:14.959670", "timeout": 5, "memory_limit_mb": 256, "success": false, "exit_code": 1, "execution_time": 0.2125227451324463, "error_message": "Process exited with code 1", "stdout": "", "stderr": "  File \"/sandbox/script.py\", line 1\n    python3 verify_phase2.py\n            ^^^^^^^^^^^^^\nSyntaxError: invalid syntax\n", "code_snippet": "python3 verify_phase2.py"}
{"timestamp": "2026-01-09T21:06:17.451504", "timeout": 5, "memory_limit_mb": 256, "success": true, "exit_code": 0, "execution_time": 0.6437597274780273, "error_message": null, "stdout": "\nTraceback (most recent call last):\n  File \"/app/verify_phase2.py\", line 5, in <module>\n    from mutt.storage.database import Database\nModuleNotFoundError: No module named 'mutt.storage'\n\n", "stderr": "", "code_snippet": "import subprocess\nresult = subprocess.run([\"python3\", \"verify_phase2.py\"], capture_output=True, text=True)\nprint(result.stdout)\nprint(result.stderr)\n"}
{"timestamp": "2026-01-09T21:06:19.678975", "timeout": 5, "memory_limit_mb": 256, "success": true, "exit_code": 0, "execution_time": 0.22722411155700684, "error_message": null, "stdout": "", "stderr": "", "code_snippet": "import os\nos.makedirs(\"mutt/storage\", exist_ok=True)\nwith open(\"mutt/storage/__init__.py\", \"w\") as f:\n    pass\n"}
{"timestamp": "2026-01-09T21:06:36.638924", "timeout": 5, "memory_limit_mb": 256, "success": false, "exit_code": 1, "execution_time": 0.1839616298675537, "error_message": "Process exited with code 1", "stdout": "", "stderr": "Traceback (most recent call last):\n  File \"/sandbox/script.py\", line 1, in <module>\n    import aiosqlite\nModuleNotFoundError: No module named 'aiosqlite'\n", "code_snippet": "import aiosqlite\nprint(aiosqlite.__version__)\n"}
{"timestamp": "2026-01-09T21:06:38.117852", "timeout": 5, "memory_limit_mb": 256, "success": false, "exit_code": 1, "execution_time": 0.2287614345550537, "error_message": "Process exited with code 1", "stdout": "", "stderr": "  File \"/sandbox/script.py\", line 1\n    pip install aiosqlite\n        ^^^^^^^\nSyntaxError: invalid syntax\n", "code_snippet": "pip install aiosqlite\n"}
{"timestamp": "2026-01-09T21:06:44.775268", "timeout": 5, "memory_limit_mb": 256, "success": false, "exit_code": -1, "execution_time": 5.04259181022644, "error_message": "Exceeded 5s", "stdout": "", "stderr": "Timeout expired.", "code_snippet": "import subprocess\nsubprocess.run([\"pip\", \"install\", \"aiosqlite\"], capture_output=True, text=True)\n"}
{"timestamp": "2026-01-09T21:06:49.135392", "timeout": 5, "memory_limit_mb": 256, "success": false, "exit_code": 1, "execution_time": 0.18702197074890137, "error_message": "Process exited with code 1", "stdout": "", "stderr": "Traceback (most recent call last):\n  File \"/sandbox/script.py\", line 1, in <module>\n    import aiosqlite\nModuleNotFoundError: No module named 'aiosqlite'\n", "code_snippet": "import aiosqlite\nprint(\"Success\")\n"}
{"timestamp": "2026-01-09T21:06:56.015231", "timeout": 5, "memory_limit_mb": 256, "success": false, "exit_code": -1, "execution_time": 5.018200874328613, "error_message": "Exceeded 5s", "stdout": "", "stderr": "Timeout expired.", "code_snippet": "import subprocess\nimport sys\nsubprocess.check_call([sys.executable, \"-m\", \"pip\", \"install\", \"aiosqlite\"])\n"}
{"timestamp": "2026-01-09T21:07:03.380964", "timeout": 5, "memory_limit_mb": 256, "success": false, "exit_code": -1, "execution_time": 5.00989031791687, "error_message": "Exceeded 5s", "stdout": "", "stderr": "Timeout expired.", "code_snippet": "import subprocess\nimport sys\nsubprocess.run([sys.executable, \"-m\", \"pip\", \"install\", \"aiosqlite\"], timeout=30)\n"}
{"timestamp": "2026-01-09T21:07:05.095853", "timeout": 5, "memory_limit_mb": 256, "success": true, "exit_code": 0, "execution_time": 0.17352747917175293, "error_message": null, "stdout": "3.12.12 (main, Dec 30 2025, 00:43:35) [GCC 14.2.0]\n", "stderr": "", "code_snippet": "import sys\nprint(sys.version)\n"}
{"timestamp": "2026-01-09T21:09:27.628921", "timeout": 5, "memory_limit_mb": 256, "success": true, "exit_code": 0, "execution_time": 0.5741667747497559, "error_message": null, "stdout": "\nTraceback (most recent call last):\n  File \"/app/verify_phase2.py\", line 5, in <module>\n    from mutt.storage.database import Database\n  File \"/app/mutt/storage/database.py\", line 10, in <module>\n    import aiosqlite\nModuleNotFoundError: No module named 'aiosqlite'\n\n", "stderr": "", "code_snippet": "import subprocess\nresult = subprocess.run([\"python3\", \"verify_phase2.py\"], capture_output=True, text=True)\nprint(result.stdout)\nprint(result.stderr)\n"}
{"timestamp": "2026-01-09T21:09:35.957832", "timeout": 5, "memory_limit_mb": 256, "success": false, "exit_code": -1, "execution_time": 5.010650396347046, "error_message": "Exceeded 5s", "stdout": "", "stderr": "Timeout expired.", "code_snippet": "import subprocess\nimport os\nimport sys\n\nos.makedirs(\"lib\", exist_ok=True)\nsubprocess.run([sys.executable, \"-m\", \"pip\", \"install\", \"aiosqlite\", \"-t\", \"lib\"], timeout=30)\nprint(os.listdir(\"lib\"))\n"}
{"timestamp": "2026-01-09T21:09:36.510591", "timeout": 5, "memory_limit_mb": 256, "success": true, "exit_code": 0, "execution_time": 0.5481469631195068, "error_message": null, "stdout": " Sandbox Executing: test_rules.py\n\n", "stderr": "..\n----------------------------------------------------------------------\nRan 2 tests in 0.000s\n\nOK\n\n", "code_snippet": "import subprocess, sys, os\nprint(' Sandbox Executing: test_rules.py')\n# Try executing directly first\ncmd = ['python3', 'test_rules.py']\nresult = subprocess.run(cmd, capture_output=True, text=True)\npri..."}
{"timestamp": "2026-01-09T21:09:37.098046", "timeout": 5, "memory_limit_mb": 256, "success": true, "exit_code": 0, "execution_time": 0.5869560241699219, "error_message": null, "stdout": " Sandbox Executing: test_message.py\n\n", "stderr": "<string>:4: DeprecationWarning: datetime.datetime.utcnow() is deprecated and scheduled for removal in a future version. Use timezone-aware objects to represent datetimes in UTC: datetime.datetime.now(datetime.UTC).\n....\n----------------------------------------------------------------------\nRan 4 tests in 0.000s\n\nOK\n\n", "code_snippet": "import subprocess, sys, os\nprint(' Sandbox Executing: test_message.py')\n# Try executing directly first\ncmd = ['python3', 'test_message.py']\nresult = subprocess.run(cmd, capture_output=True, text=True)..."}
{"timestamp": "2026-01-09T21:09:37.703556", "timeout": 5, "memory_limit_mb": 256, "success": false, "exit_code": 1, "execution_time": 0.6049187183380127, "error_message": "Process exited with code 1", "stdout": " Sandbox Executing: test_config.py\n\n", "stderr": "Traceback (most recent call last):\n  File \"/app/test_config.py\", line 3, in <module>\n    import yaml\nModuleNotFoundError: No module named 'yaml'\n\n", "code_snippet": "import subprocess, sys, os\nprint(' Sandbox Executing: test_config.py')\n# Try executing directly first\ncmd = ['python3', 'test_config.py']\nresult = subprocess.run(cmd, capture_output=True, text=True)\np..."}
{"timestamp": "2026-01-09T21:17:31.375860", "timeout": 5, "memory_limit_mb": 256, "success": false, "exit_code": 1, "execution_time": 0.16752338409423828, "error_message": "Process exited with code 1", "stdout": "", "stderr": "  File \"/sandbox/script.py\", line 1\n    python3 verify_phase3.py\n            ^^^^^^^^^^^^^\nSyntaxError: invalid syntax\n", "code_snippet": "python3 verify_phase3.py"}
{"timestamp": "2026-01-09T21:17:33.996101", "timeout": 5, "memory_limit_mb": 256, "success": false, "exit_code": 1, "execution_time": 0.5321898460388184, "error_message": "Process exited with code 1", "stdout": "Import Error: No module named 'mutt.listeners'\nTesting Syslog Listener...\n\u274c SyslogListener not implemented\n\u274c SNMPListener not implemented\nPHASE 3 INCOMPLETE\n\n\n", "stderr": "", "code_snippet": "import subprocess\nimport sys\n\nresult = subprocess.run([sys.executable, \"verify_phase3.py\"], capture_output=True, text=True)\nprint(result.stdout)\nprint(result.stderr)\nsys.exit(result.returncode)\n"}
{"timestamp": "2026-01-09T21:17:35.553917", "timeout": 5, "memory_limit_mb": 256, "success": true, "exit_code": 0, "execution_time": 0.24384808540344238, "error_message": null, "stdout": "", "stderr": "", "code_snippet": "import os\nos.makedirs(\"mutt/listeners\", exist_ok=True)\nwith open(\"mutt/listeners/__init__.py\", \"w\") as f:\n    pass\n"}
{"timestamp": "2026-01-09T21:19:03.957374", "timeout": 5, "memory_limit_mb": 256, "success": false, "exit_code": 1, "execution_time": 0.17776823043823242, "error_message": "Process exited with code 1", "stdout": "", "stderr": "Traceback (most recent call last):\n  File \"/sandbox/script.py\", line 1, in <module>\n    import pysnmp\nModuleNotFoundError: No module named 'pysnmp'\n", "code_snippet": "import pysnmp\nprint(pysnmp.__version__)\n"}
{"timestamp": "2026-01-09T21:19:06.916870", "timeout": 5, "memory_limit_mb": 256, "success": false, "exit_code": 1, "execution_time": 0.26530981063842773, "error_message": "Process exited with code 1", "stdout": "", "stderr": "Traceback (most recent call last):\n  File \"/sandbox/script.py\", line 1, in <module>\n    import pysnmp\nModuleNotFoundError: No module named 'pysnmp'\n", "code_snippet": "import pysnmp\nprint(\"pysnmp is available\")\n"}
{"timestamp": "2026-01-09T21:20:29.495345", "timeout": 5, "memory_limit_mb": 256, "success": false, "exit_code": 1, "execution_time": 0.5157155990600586, "error_message": "Process exited with code 1", "stdout": "Testing Syslog Listener...\nReceived message: SyslogMessage(id='bc0c49af-212b-4122-b358-91adfe4c426e', timestamp=datetime.datetime(2026, 1, 10, 4, 20, 29, 416308), source_ip='127.0.0.1', message_type=<MessageType.SYSLOG: 'SYSLOG'>, severity=<Severity.INFO: 'INFO'>, payload='test message', metadata={}, facility=16, priority=134, hostname='myhost', process_name='myproc', process_id=None)\n\u274c Syslog Test Failed: \n\u2705 SNMP Listener instantiated OK\nPHASE 3 INCOMPLETE\n\n\n", "stderr": "", "code_snippet": "import subprocess\nimport sys\n\nresult = subprocess.run([sys.executable, \"verify_phase3.py\"], capture_output=True, text=True)\nprint(result.stdout)\nprint(result.stderr)\nsys.exit(result.returncode)\n"}
{"timestamp": "2026-01-09T21:20:37.263810", "timeout": 5, "memory_limit_mb": 256, "success": true, "exit_code": 0, "execution_time": 0.6099722385406494, "error_message": null, "stdout": "Testing Syslog Listener...\nReceived message: SyslogMessage(id='23c0377f-3bbb-4647-a666-f0ca24bfa5f3', timestamp=datetime.datetime(2026, 1, 10, 4, 20, 37, 187834), source_ip='127.0.0.1', message_type=<MessageType.SYSLOG: 'SYSLOG'>, severity=<Severity.INFO: 'INFO'>, payload='test message', metadata={}, facility=16, priority=134, hostname='myhost', process_name='myproc', process_id=None)\n\u2705 Syslog Parsed OK\n\u2705 SNMP Listener instantiated OK\nPHASE 3 COMPLETE\n\n\n", "stderr": "", "code_snippet": "import subprocess\nimport sys\n\nresult = subprocess.run([sys.executable, \"verify_phase3.py\"], capture_output=True, text=True)\nprint(result.stdout)\nprint(result.stderr)\nsys.exit(result.returncode)\n"}
{"timestamp": "2026-01-09T21:22:24.972497", "timeout": 5, "memory_limit_mb": 256, "success": true, "exit_code": 0, "execution_time": 0.783907413482666, "error_message": null, "stdout": "Running test_base.py...\n\n..\n----------------------------------------------------------------------\nRan 2 tests in 0.000s\n\nOK\n\nRunning test_syslog_listener.py...\n\n<string>:4: DeprecationWarning: datetime.datetime.utcnow() is deprecated and scheduled for removal in a future version. Use timezone-aware objects to represent datetimes in UTC: datetime.datetime.now(datetime.UTC).\n...\n----------------------------------------------------------------------\nRan 3 tests in 0.005s\n\nOK\n\nRunning test_snmp_listener.py...\n\n<string>:4: DeprecationWarning: datetime.datetime.utcnow() is deprecated and scheduled for removal in a future version. Use timezone-aware objects to represent datetimes in UTC: datetime.datetime.now(datetime.UTC).\n.\n----------------------------------------------------------------------\nRan 1 test in 0.003s\n\nOK\n\nAll unit tests passed!\n", "stderr": "", "code_snippet": "import subprocess\nimport sys\n\ntest_files = [\"test_base.py\", \"test_syslog_listener.py\", \"test_snmp_listener.py\"]\nall_passed = True\n\nfor test_file in test_files:\n    print(f\"Running {test_file}...\")\n   ..."}
{"timestamp": "2026-01-09T21:22:31.052954", "timeout": 5, "memory_limit_mb": 256, "success": true, "exit_code": 0, "execution_time": 0.6220965385437012, "error_message": null, "stdout": " Sandbox Executing: test_syslog_listener.py\n\n", "stderr": "<string>:4: DeprecationWarning: datetime.datetime.utcnow() is deprecated and scheduled for removal in a future version. Use timezone-aware objects to represent datetimes in UTC: datetime.datetime.now(datetime.UTC).\n...\n----------------------------------------------------------------------\nRan 3 tests in 0.006s\n\nOK\n\n", "code_snippet": "import subprocess, sys, os\nprint(' Sandbox Executing: test_syslog_listener.py')\n# Try executing directly first\ncmd = ['python3', 'test_syslog_listener.py']\nresult = subprocess.run(cmd, capture_output=..."}
{"timestamp": "2026-01-09T21:22:31.646885", "timeout": 5, "memory_limit_mb": 256, "success": true, "exit_code": 0, "execution_time": 0.5934603214263916, "error_message": null, "stdout": " Sandbox Executing: test_snmp_listener.py\n\n", "stderr": "<string>:4: DeprecationWarning: datetime.datetime.utcnow() is deprecated and scheduled for removal in a future version. Use timezone-aware objects to represent datetimes in UTC: datetime.datetime.now(datetime.UTC).\n.\n----------------------------------------------------------------------\nRan 1 test in 0.002s\n\nOK\n\n", "code_snippet": "import subprocess, sys, os\nprint(' Sandbox Executing: test_snmp_listener.py')\n# Try executing directly first\ncmd = ['python3', 'test_snmp_listener.py']\nresult = subprocess.run(cmd, capture_output=True..."}
{"timestamp": "2026-01-09T21:22:32.227298", "timeout": 5, "memory_limit_mb": 256, "success": true, "exit_code": 0, "execution_time": 0.5799708366394043, "error_message": null, "stdout": " Sandbox Executing: test_base.py\n\n", "stderr": "..\n----------------------------------------------------------------------\nRan 2 tests in 0.000s\n\nOK\n\n", "code_snippet": "import subprocess, sys, os\nprint(' Sandbox Executing: test_base.py')\n# Try executing directly first\ncmd = ['python3', 'test_base.py']\nresult = subprocess.run(cmd, capture_output=True, text=True)\nprint..."}
{"timestamp": "2026-01-09T21:23:47.868684", "timeout": 5, "memory_limit_mb": 256, "success": false, "exit_code": 1, "execution_time": 0.22683453559875488, "error_message": "Process exited with code 1", "stdout": "", "stderr": "  File \"/sandbox/script.py\", line 1\n    mkdir -p mutt/processors && touch mutt/processors/__init__.py\n             ^^^^\nSyntaxError: invalid syntax\n", "code_snippet": "mkdir -p mutt/processors && touch mutt/processors/__init__.py"}
{"timestamp": "2026-01-09T21:23:49.955101", "timeout": 5, "memory_limit_mb": 256, "success": true, "exit_code": 0, "execution_time": 0.2631995677947998, "error_message": null, "stdout": "Created mutt/processors directory and __init__.py\n", "stderr": "", "code_snippet": "import os\nos.makedirs(\"mutt/processors\", exist_ok=True)\nwith open(\"mutt/processors/__init__.py\", \"w\") as f:\n    pass\nprint(\"Created mutt/processors directory and __init__.py\")"}
{"timestamp": "2026-01-09T21:23:55.448658", "timeout": 5, "memory_limit_mb": 256, "success": false, "exit_code": 1, "execution_time": 0.18206381797790527, "error_message": "Process exited with code 1", "stdout": "", "stderr": "  File \"/sandbox/script.py\", line 1\n    python3 verify_phase4.py\n            ^^^^^^^^^^^^^\nSyntaxError: invalid syntax\n", "code_snippet": "python3 verify_phase4.py"}
{"timestamp": "2026-01-09T21:23:57.682651", "timeout": 5, "memory_limit_mb": 256, "success": false, "exit_code": 1, "execution_time": 0.6000776290893555, "error_message": "Process exited with code 1", "stdout": "\nTraceback (most recent call last):\n  File \"/app/verify_phase4.py\", line 14, in <module>\n    from mutt.storage.database import Database\n  File \"/app/mutt/storage/database.py\", line 10, in <module>\n    import aiosqlite\nModuleNotFoundError: No module named 'aiosqlite'\n\n", "stderr": "", "code_snippet": "import subprocess\nresult = subprocess.run([\"python3\", \"verify_phase4.py\"], capture_output=True, text=True)\nprint(result.stdout)\nprint(result.stderr)\nexit(result.returncode)"}
{"timestamp": "2026-01-09T21:24:05.350509", "timeout": 5, "memory_limit_mb": 256, "success": false, "exit_code": -1, "execution_time": 5.014887809753418, "error_message": "Exceeded 5s", "stdout": "", "stderr": "Timeout expired.", "code_snippet": "import subprocess\nsubprocess.run([\"pip\", \"install\", \"-r\", \"requirements.txt\"])\nresult = subprocess.run([\"python3\", \"verify_phase4.py\"], capture_output=True, text=True)\nprint(result.stdout)\nprint(resul..."}
{"timestamp": "2026-01-09T21:25:35.147369", "timeout": 5, "memory_limit_mb": 256, "success": true, "exit_code": 0, "execution_time": 0.18851113319396973, "error_message": null, "stdout": "3.12.12 (main, Dec 30 2025, 00:43:35) [GCC 14.2.0]\n", "stderr": "", "code_snippet": "import sys\nprint(sys.version)"}
{"timestamp": "2026-01-09T21:26:30.348641", "timeout": 5, "memory_limit_mb": 256, "success": false, "exit_code": 1, "execution_time": 0.7048988342285156, "error_message": "Process exited with code 1", "stdout": "\nTraceback (most recent call last):\n  File \"/app/test_processors.py\", line 4, in <module>\n    from mutt.models.message import Message, MessageType, Severity\n  File \"/app/mutt/models/message.py\", line 56, in <module>\n    @dataclass(kw_only=True)\n     ^^^^^^^^^^^^^^^^^^^^^^^\n  File \"/usr/local/lib/python3.12/dataclasses.py\", line 1265, in wrap\n    return _process_class(cls, init, repr, eq, order, unsafe_hash,\n           ^^^^^^^^^^^^^^^^^^^^^^^^^^^^^^^^^^^^^^^^^^^^^^^^^^^^^^^\n  File \"/usr/local/lib/python3.12/dataclasses.py\", line 1024, in _process_class\n    raise TypeError('cannot inherit non-frozen dataclass from a '\nTypeError: cannot inherit non-frozen dataclass from a frozen one\n\n", "stderr": "", "code_snippet": "import subprocess\nresult = subprocess.run([\"python3\", \"test_processors.py\"], capture_output=True, text=True)\nprint(result.stdout)\nprint(result.stderr)\nexit(result.returncode)"}
{"timestamp": "2026-01-09T21:26:30.929328", "timeout": 5, "memory_limit_mb": 256, "success": false, "exit_code": 1, "execution_time": 0.5795023441314697, "error_message": "Process exited with code 1", "stdout": " Sandbox Executing: test_syslog_listener.py\n\n", "stderr": "Traceback (most recent call last):\n  File \"/app/test_syslog_listener.py\", line 3, in <module>\n    from mutt.listeners.syslog_listener import SyslogListener\n  File \"/app/mutt/listeners/syslog_listener.py\", line 12, in <module>\n    from mutt.models.message import MessageType, Severity, SyslogMessage\n  File \"/app/mutt/models/message.py\", line 56, in <module>\n    @dataclass(kw_only=True)\n     ^^^^^^^^^^^^^^^^^^^^^^^\n  File \"/usr/local/lib/python3.12/dataclasses.py\", line 1265, in wrap\n    return _process_class(cls, init, repr, eq, order, unsafe_hash,\n           ^^^^^^^^^^^^^^^^^^^^^^^^^^^^^^^^^^^^^^^^^^^^^^^^^^^^^^^\n  File \"/usr/local/lib/python3.12/dataclasses.py\", line 1024, in _process_class\n    raise TypeError('cannot inherit non-frozen dataclass from a '\nTypeError: cannot inherit non-frozen dataclass from a frozen one\n\n", "code_snippet": "import subprocess, sys, os\nprint(' Sandbox Executing: test_syslog_listener.py')\n# Try executing directly first\ncmd = ['python3', 'test_syslog_listener.py']\nresult = subprocess.run(cmd, capture_output=..."}
{"timestamp": "2026-01-09T21:26:31.518589", "timeout": 5, "memory_limit_mb": 256, "success": false, "exit_code": 1, "execution_time": 0.5888309478759766, "error_message": "Process exited with code 1", "stdout": " Sandbox Executing: test_processors.py\n\n", "stderr": "Traceback (most recent call last):\n  File \"/app/test_processors.py\", line 4, in <module>\n    from mutt.models.message import Message, MessageType, Severity\n  File \"/app/mutt/models/message.py\", line 56, in <module>\n    @dataclass(kw_only=True)\n     ^^^^^^^^^^^^^^^^^^^^^^^\n  File \"/usr/local/lib/python3.12/dataclasses.py\", line 1265, in wrap\n    return _process_class(cls, init, repr, eq, order, unsafe_hash,\n           ^^^^^^^^^^^^^^^^^^^^^^^^^^^^^^^^^^^^^^^^^^^^^^^^^^^^^^^\n  File \"/usr/local/lib/python3.12/dataclasses.py\", line 1024, in _process_class\n    raise TypeError('cannot inherit non-frozen dataclass from a '\nTypeError: cannot inherit non-frozen dataclass from a frozen one\n\n", "code_snippet": "import subprocess, sys, os\nprint(' Sandbox Executing: test_processors.py')\n# Try executing directly first\ncmd = ['python3', 'test_processors.py']\nresult = subprocess.run(cmd, capture_output=True, text..."}
{"timestamp": "2026-01-09T21:26:32.088800", "timeout": 5, "memory_limit_mb": 256, "success": false, "exit_code": 1, "execution_time": 0.5696926116943359, "error_message": "Process exited with code 1", "stdout": " Sandbox Executing: test_snmp_listener.py\n\n", "stderr": "Traceback (most recent call last):\n  File \"/app/test_snmp_listener.py\", line 3, in <module>\n    from mutt.listeners.snmp_listener import SNMPListener\n  File \"/app/mutt/listeners/snmp_listener.py\", line 11, in <module>\n    from mutt.models.message import MessageType, Severity, SNMPTrap\n  File \"/app/mutt/models/message.py\", line 56, in <module>\n    @dataclass(kw_only=True)\n     ^^^^^^^^^^^^^^^^^^^^^^^\n  File \"/usr/local/lib/python3.12/dataclasses.py\", line 1265, in wrap\n    return _process_class(cls, init, repr, eq, order, unsafe_hash,\n           ^^^^^^^^^^^^^^^^^^^^^^^^^^^^^^^^^^^^^^^^^^^^^^^^^^^^^^^\n  File \"/usr/local/lib/python3.12/dataclasses.py\", line 1024, in _process_class\n    raise TypeError('cannot inherit non-frozen dataclass from a '\nTypeError: cannot inherit non-frozen dataclass from a frozen one\n\n", "code_snippet": "import subprocess, sys, os\nprint(' Sandbox Executing: test_snmp_listener.py')\n# Try executing directly first\ncmd = ['python3', 'test_snmp_listener.py']\nresult = subprocess.run(cmd, capture_output=True..."}
{"timestamp": "2026-01-09T21:26:32.682567", "timeout": 5, "memory_limit_mb": 256, "success": true, "exit_code": 0, "execution_time": 0.5932855606079102, "error_message": null, "stdout": " Sandbox Executing: test_base.py\n\n", "stderr": "..\n----------------------------------------------------------------------\nRan 2 tests in 0.000s\n\nOK\n\n", "code_snippet": "import subprocess, sys, os\nprint(' Sandbox Executing: test_base.py')\n# Try executing directly first\ncmd = ['python3', 'test_base.py']\nresult = subprocess.run(cmd, capture_output=True, text=True)\nprint..."}
{"timestamp": "2026-01-09T21:30:52.775658", "timeout": 5, "memory_limit_mb": 256, "success": false, "exit_code": 1, "execution_time": 0.1658165454864502, "error_message": "Process exited with code 1", "stdout": "", "stderr": "  File \"/sandbox/script.py\", line 1\n    python3 verify_phase5.py\n            ^^^^^^^^^^^^^\nSyntaxError: invalid syntax\n", "code_snippet": "python3 verify_phase5.py"}
{"timestamp": "2026-01-09T21:30:55.196976", "timeout": 5, "memory_limit_mb": 256, "success": false, "exit_code": 1, "execution_time": 0.5426547527313232, "error_message": "Process exited with code 1", "stdout": "Testing Processor Lifecycle...\n\u274c FAILED: MessageProcessor not implemented yet\n\n\n", "stderr": "", "code_snippet": "import subprocess\nresult = subprocess.run([\"python3\", \"verify_phase5.py\"], capture_output=True, text=True)\nprint(result.stdout)\nprint(result.stderr)\nexit(result.returncode)\n"}
{"timestamp": "2026-01-09T21:33:24.612825", "timeout": 5, "memory_limit_mb": 256, "success": false, "exit_code": 1, "execution_time": 0.5208425521850586, "error_message": "Process exited with code 1", "stdout": "Testing Processor Lifecycle...\n\u274c FAILED: MessageProcessor not implemented yet\n\n\n", "stderr": "", "code_snippet": "import subprocess\nresult = subprocess.run([\"python3\", \"verify_phase5.py\"], capture_output=True, text=True)\nprint(result.stdout)\nprint(result.stderr)\nexit(result.returncode)\n"}
{"timestamp": "2026-01-09T21:33:27.490847", "timeout": 5, "memory_limit_mb": 256, "success": true, "exit_code": 0, "execution_time": 0.4592726230621338, "error_message": null, "stdout": "", "stderr": "Traceback (most recent call last):\n  File \"/sandbox/script.py\", line 5, in <module>\n    from mutt.processors.message_processor import MessageProcessor\n  File \"/app/mutt/processors/message_processor.py\", line 7, in <module>\n    import yaml\nModuleNotFoundError: No module named 'yaml'\n", "code_snippet": "import sys\nimport os\nsys.path.append(os.getcwd())\ntry:\n    from mutt.processors.message_processor import MessageProcessor\n    print(\"Import successful\")\nexcept Exception as e:\n    import traceback\n   ..."}
{"timestamp": "2026-01-09T21:33:35.932576", "timeout": 5, "memory_limit_mb": 256, "success": false, "exit_code": -1, "execution_time": 5.0121073722839355, "error_message": "Exceeded 5s", "stdout": "", "stderr": "Timeout expired.", "code_snippet": "import subprocess\nsubprocess.run([\"pip\", \"install\", \"-r\", \"requirements.txt\"])\nresult = subprocess.run([\"python3\", \"verify_phase5.py\"], capture_output=True, text=True)\nprint(result.stdout)\nprint(resul..."}
{"timestamp": "2026-01-09T21:36:55.493626", "timeout": 5, "memory_limit_mb": 256, "success": false, "exit_code": 1, "execution_time": 0.17851853370666504, "error_message": "Process exited with code 1", "stdout": "", "stderr": "  File \"/sandbox/script.py\", line 1\n    python3 verify_phase6.py\n            ^^^^^^^^^^^^^\nSyntaxError: invalid syntax\n", "code_snippet": "python3 verify_phase6.py"}
{"timestamp": "2026-01-09T21:36:57.788874", "timeout": 5, "memory_limit_mb": 256, "success": false, "exit_code": 1, "execution_time": 0.6090691089630127, "error_message": "Process exited with code 1", "stdout": "Testing Full Integration...\n\nTraceback (most recent call last):\n  File \"/app/verify_phase6.py\", line 27, in <module>\n    asyncio.run(main())\n  File \"/usr/local/lib/python3.12/asyncio/runners.py\", line 195, in run\n    return runner.run(main)\n           ^^^^^^^^^^^^^^^^\n  File \"/usr/local/lib/python3.12/asyncio/runners.py\", line 118, in run\n    return self._loop.run_until_complete(task)\n           ^^^^^^^^^^^^^^^^^^^^^^^^^^^^^^^^^^^\n  File \"/usr/local/lib/python3.12/asyncio/base_events.py\", line 691, in run_until_complete\n    return future.result()\n           ^^^^^^^^^^^^^^^\n  File \"/app/verify_phase6.py\", line 12, in main\n    raise FileNotFoundError(\"run.sh not found\")\nFileNotFoundError: run.sh not found\n\n", "stderr": "", "code_snippet": "import subprocess\nimport sys\n\nresult = subprocess.run([sys.executable, \"verify_phase6.py\"], capture_output=True, text=True)\nprint(result.stdout)\nprint(result.stderr)\nsys.exit(result.returncode)\n"}
{"timestamp": "2026-01-09T21:37:53.262921", "timeout": 5, "memory_limit_mb": 256, "success": true, "exit_code": 0, "execution_time": 0.2899026870727539, "error_message": null, "stdout": "", "stderr": "", "code_snippet": "import subprocess\nsubprocess.run([\"chmod\", \"+x\", \"run.sh\"])\n"}
{"timestamp": "2026-01-09T21:40:53.705237", "timeout": 5, "memory_limit_mb": 256, "success": false, "exit_code": 1, "execution_time": 0.1984996795654297, "error_message": "Process exited with code 1", "stdout": "", "stderr": "Traceback (most recent call last):\n  File \"/sandbox/script.py\", line 1, in <module>\n    import pytest_asyncio\nModuleNotFoundError: No module named 'pytest_asyncio'\n", "code_snippet": "import pytest_asyncio\nprint(\"pytest-asyncio is installed\")\n"}
{"timestamp": "2026-01-09T21:40:59.952102", "timeout": 5, "memory_limit_mb": 256, "success": false, "exit_code": -1, "execution_time": 5.0194785594940186, "error_message": "Exceeded 5s", "stdout": "", "stderr": "Timeout expired.", "code_snippet": "import subprocess\nsubprocess.run([\"pip\", \"install\", \"pytest-asyncio\"])\n"}
{"timestamp": "2026-01-09T21:41:02.892586", "timeout": 5, "memory_limit_mb": 256, "success": false, "exit_code": 1, "execution_time": 0.5780949592590332, "error_message": "Process exited with code 1", "stdout": "Testing Full Integration...\n\u274c Import failed: No module named 'yaml'\n\nTraceback (most recent call last):\n  File \"/app/verify_phase6.py\", line 27, in <module>\n    asyncio.run(main())\n  File \"/usr/local/lib/python3.12/asyncio/runners.py\", line 195, in run\n    return runner.run(main)\n           ^^^^^^^^^^^^^^^^\n  File \"/usr/local/lib/python3.12/asyncio/runners.py\", line 118, in run\n    return self._loop.run_until_complete(task)\n           ^^^^^^^^^^^^^^^^^^^^^^^^^^^^^^^^^^^\n  File \"/usr/local/lib/python3.12/asyncio/base_events.py\", line 691, in run_until_complete\n    return future.result()\n           ^^^^^^^^^^^^^^^\n  File \"/app/verify_phase6.py\", line 18, in main\n    from mutt import MUTTDaemon, load_config\n  File \"/app/mutt/__init__.py\", line 7, in <module>\n    from .daemon import MUTTDaemon\n  File \"/app/mutt/daemon.py\", line 13, in <module>\n    from mutt.config import load_config\n  File \"/app/mutt/config.py\", line 1, in <module>\n    import yaml\nModuleNotFoundError: No module named 'yaml'\n\n", "stderr": "", "code_snippet": "import subprocess\nimport sys\n\nresult = subprocess.run([sys.executable, \"verify_phase6.py\"], capture_output=True, text=True)\nprint(result.stdout)\nprint(result.stderr)\nsys.exit(result.returncode)\n"}
{"timestamp": "2026-01-09T21:41:09.587813", "timeout": 5, "memory_limit_mb": 256, "success": false, "exit_code": -1, "execution_time": 5.0207765102386475, "error_message": "Exceeded 5s", "stdout": "", "stderr": "Timeout expired.", "code_snippet": "import subprocess\nsubprocess.run([\"pip\", \"install\", \"-r\", \"requirements.txt\"])\n"}
{"timestamp": "2026-01-09T21:41:12.168520", "timeout": 5, "memory_limit_mb": 256, "success": true, "exit_code": 0, "execution_time": 1.0839917659759521, "error_message": null, "stdout": "Package Version\n------- -------\npip     25.0.1\n", "stderr": "", "code_snippet": "import subprocess\nsubprocess.run([\"pip\", \"list\"])\n"}
{"timestamp": "2026-01-09T21:41:19.201702", "timeout": 5, "memory_limit_mb": 256, "success": false, "exit_code": -1, "execution_time": 5.011145353317261, "error_message": "Exceeded 5s", "stdout": "", "stderr": "Timeout expired.", "code_snippet": "import subprocess\nsubprocess.run([\"pip\", \"install\", \"pyyaml\", \"aiosqlite\"], timeout=60)\n"}
{"timestamp": "2026-01-09T21:41:25.762874", "timeout": 5, "memory_limit_mb": 256, "success": false, "exit_code": -1, "execution_time": 5.021147012710571, "error_message": "Exceeded 5s", "stdout": "", "stderr": "Timeout expired.", "code_snippet": "import subprocess\nsubprocess.run([\"pip\", \"install\", \"pyyaml\"])\n"}
{"timestamp": "2026-01-09T21:41:28.712130", "timeout": 5, "memory_limit_mb": 256, "success": true, "exit_code": 0, "execution_time": 0.18242359161376953, "error_message": null, "stdout": "/app\n", "stderr": "", "code_snippet": "import os\nprint(os.getcwd())\n"}
{"timestamp": "2026-01-09T21:41:29.246439", "timeout": 5, "memory_limit_mb": 256, "success": false, "exit_code": 1, "execution_time": 0.5332996845245361, "error_message": "Process exited with code 1", "stdout": " Sandbox Executing: tests/test_integration.py\n\n", "stderr": "Traceback (most recent call last):\n  File \"/app/tests/test_integration.py\", line 6, in <module>\n    import yaml\nModuleNotFoundError: No module named 'yaml'\n\n", "code_snippet": "import subprocess, sys, os\nprint(' Sandbox Executing: tests/test_integration.py')\n# Try executing directly first\ncmd = ['python3', 'tests/test_integration.py']\nresult = subprocess.run(cmd, capture_out..."}
